# JRE version: OpenJDK Runtime Environment (8.0_242-b01) (build 1.8.0_242-release-1644-b01)
# Java VM: OpenJDK 64-Bit Server VM (25.242-b01 mixed mode windows-amd64 compressed oops)
Heap:
 PSYoungGen      total 287232K, used 145086K [0x00000000d5580000, 0x00000000ed200000, 0x0000000100000000)
  eden space 217600K, 47% used [0x00000000d5580000,0x00000000dba40f70,0x00000000e2a00000)
  from space 69632K, 60% used [0x00000000e2a00000,0x00000000e52ee9d8,0x00000000e6e00000)
  to   space 70656K, 0% used [0x00000000e8d00000,0x00000000e8d00000,0x00000000ed200000)
 ParOldGen       total 295424K, used 175439K [0x0000000080000000, 0x0000000092080000, 0x00000000d5580000)
  object space 295424K, 59% used [0x0000000080000000,0x000000008ab53df8,0x0000000092080000)
 Metaspace       used 110865K, capacity 116538K, committed 116760K, reserved 1153024K
  class space    used 14510K, capacity 15571K, committed 15664K, reserved 1048576K
GC Heap History (10 events):
Event: 44.832 GC heap before
{Heap before GC invocations=21 (full 3):
 PSYoungGen      total 238080K, used 228447K [0x00000000d5580000, 0x00000000e6f80000, 0x0000000100000000)
  eden space 207360K, 100% used [0x00000000d5580000,0x00000000e2000000,0x00000000e2000000)
  from space 30720K, 68% used [0x00000000e2000000,0x00000000e3497cb8,0x00000000e3e00000)
  to   space 31744K, 0% used [0x00000000e5080000,0x00000000e5080000,0x00000000e6f80000)
 ParOldGen       total 117760K, used 64417K [0x0000000080000000, 0x0000000087300000, 0x00000000d5580000)
  object space 117760K, 54% used [0x0000000080000000,0x0000000083ee8508,0x0000000087300000)
 Metaspace       used 90815K, capacity 94932K, committed 95128K, reserved 1132544K
  class space    used 11914K, capacity 12711K, committed 12720K, reserved 1048576K
Event: 45.194 GC heap after
Heap after GC invocations=21 (full 3):
 PSYoungGen      total 218624K, used 31735K [0x00000000d5580000, 0x00000000ed680000, 0x0000000100000000)
  eden space 186880K, 0% used [0x00000000d5580000,0x00000000d5580000,0x00000000e0c00000)
  from space 31744K, 99% used [0x00000000e5080000,0x00000000e6f7dfa0,0x00000000e6f80000)
  to   space 70144K, 0% used [0x00000000e0c00000,0x00000000e0c00000,0x00000000e5080000)
 ParOldGen       total 154624K, used 154164K [0x0000000080000000, 0x0000000089700000, 0x00000000d5580000)
  object space 154624K, 99% used [0x0000000080000000,0x000000008968d1f0,0x0000000089700000)
 Metaspace       used 90815K, capacity 94932K, committed 95128K, reserved 1132544K
  class space    used 11914K, capacity 12711K, committed 12720K, reserved 1048576K
}
Event: 45.194 GC heap before
{Heap before GC invocations=22 (full 4):
 PSYoungGen      total 218624K, used 31735K [0x00000000d5580000, 0x00000000ed680000, 0x0000000100000000)
  eden space 186880K, 0% used [0x00000000d5580000,0x00000000d5580000,0x00000000e0c00000)
  from space 31744K, 99% used [0x00000000e5080000,0x00000000e6f7dfa0,0x00000000e6f80000)
  to   space 70144K, 0% used [0x00000000e0c00000,0x00000000e0c00000,0x00000000e5080000)
 ParOldGen       total 154624K, used 154164K [0x0000000080000000, 0x0000000089700000, 0x00000000d5580000)
  object space 154624K, 99% used [0x0000000080000000,0x000000008968d1f0,0x0000000089700000)
 Metaspace       used 90815K, capacity 94932K, committed 95128K, reserved 1132544K
  class space    used 11914K, capacity 12711K, committed 12720K, reserved 1048576K
Event: 48.424 GC heap after
Heap after GC invocations=22 (full 4):
 PSYoungGen      total 218624K, used 20963K [0x00000000d5580000, 0x00000000ed680000, 0x0000000100000000)
  eden space 186880K, 0% used [0x00000000d5580000,0x00000000d5580000,0x00000000e0c00000)
  from space 31744K, 66% used [0x00000000e5080000,0x00000000e64f8ed8,0x00000000e6f80000)
  to   space 70144K, 0% used [0x00000000e0c00000,0x00000000e0c00000,0x00000000e5080000)
 ParOldGen       total 295424K, used 154160K [0x0000000080000000, 0x0000000092080000, 0x00000000d5580000)
  object space 295424K, 52% used [0x0000000080000000,0x000000008968c128,0x0000000092080000)
 Metaspace       used 90501K, capacity 94000K, committed 95128K, reserved 1132544K
  class space    used 11814K, capacity 12535K, committed 12720K, reserved 1048576K
}
Event: 57.945 GC heap before
{Heap before GC invocations=23 (full 4):
 PSYoungGen      total 218624K, used 207843K [0x00000000d5580000, 0x00000000ed680000, 0x0000000100000000)
  eden space 186880K, 100% used [0x00000000d5580000,0x00000000e0c00000,0x00000000e0c00000)
  from space 31744K, 66% used [0x00000000e5080000,0x00000000e64f8ed8,0x00000000e6f80000)
  to   space 70144K, 0% used [0x00000000e0c00000,0x00000000e0c00000,0x00000000e5080000)
 ParOldGen       total 295424K, used 154160K [0x0000000080000000, 0x0000000092080000, 0x00000000d5580000)
  object space 295424K, 52% used [0x0000000080000000,0x000000008968c128,0x0000000092080000)
 Metaspace       used 91888K, capacity 95582K, committed 96536K, reserved 1132544K
  class space    used 11995K, capacity 12725K, committed 12848K, reserved 1048576K
Event: 58.350 GC heap after
Heap after GC invocations=23 (full 4):
 PSYoungGen      total 257024K, used 30079K [0x00000000d5580000, 0x00000000eb180000, 0x0000000100000000)
  eden space 186880K, 0% used [0x00000000d5580000,0x00000000d5580000,0x00000000e0c00000)
  from space 70144K, 42% used [0x00000000e0c00000,0x00000000e295fdd0,0x00000000e5080000)
  to   space 67584K, 0% used [0x00000000e6f80000,0x00000000e6f80000,0x00000000eb180000)
 ParOldGen       total 295424K, used 175423K [0x0000000080000000, 0x0000000092080000, 0x00000000d5580000)
  object space 295424K, 59% used [0x0000000080000000,0x000000008ab4fdf8,0x0000000092080000)
 Metaspace       used 91888K, capacity 95582K, committed 96536K, reserved 1132544K
  class space    used 11995K, capacity 12725K, committed 12848K, reserved 1048576K
}
Event: 67.846 GC heap before
{Heap before GC invocations=24 (full 4):
 PSYoungGen      total 257024K, used 216959K [0x00000000d5580000, 0x00000000eb180000, 0x0000000100000000)
  eden space 186880K, 100% used [0x00000000d5580000,0x00000000e0c00000,0x00000000e0c00000)
  from space 70144K, 42% used [0x00000000e0c00000,0x00000000e295fdd0,0x00000000e5080000)
  to   space 67584K, 0% used [0x00000000e6f80000,0x00000000e6f80000,0x00000000eb180000)
 ParOldGen       total 295424K, used 175423K [0x0000000080000000, 0x0000000092080000, 0x00000000d5580000)
  object space 295424K, 59% used [0x0000000080000000,0x000000008ab4fdf8,0x0000000092080000)
 Metaspace       used 105736K, capacity 111262K, committed 111512K, reserved 1146880K
  class space    used 13987K, capacity 14993K, committed 15024K, reserved 1048576K
Event: 67.937 GC heap after
Heap after GC invocations=24 (full 4):
 PSYoungGen      total 285184K, used 40855K [0x00000000d5580000, 0x00000000eb200000, 0x0000000100000000)
  eden space 217600K, 0% used [0x00000000d5580000,0x00000000d5580000,0x00000000e2a00000)
  from space 67584K, 60% used [0x00000000e6f80000,0x00000000e9765e68,0x00000000eb180000)
  to   space 69632K, 0% used [0x00000000e2a00000,0x00000000e2a00000,0x00000000e6e00000)
 ParOldGen       total 295424K, used 175431K [0x0000000080000000, 0x0000000092080000, 0x00000000d5580000)
  object space 295424K, 59% used [0x0000000080000000,0x000000008ab51df8,0x0000000092080000)
 Metaspace       used 105736K, capacity 111262K, committed 111512K, reserved 1146880K
  class space    used 13987K, capacity 14993K, committed 15024K, reserved 1048576K
}
Event: 352.992 GC heap before
{Heap before GC invocations=25 (full 4):
 PSYoungGen      total 285184K, used 258455K [0x00000000d5580000, 0x00000000eb200000, 0x0000000100000000)
  eden space 217600K, 100% used [0x00000000d5580000,0x00000000e2a00000,0x00000000e2a00000)
  from space 67584K, 60% used [0x00000000e6f80000,0x00000000e9765e68,0x00000000eb180000)
  to   space 69632K, 0% used [0x00000000e2a00000,0x00000000e2a00000,0x00000000e6e00000)
 ParOldGen       total 295424K, used 175431K [0x0000000080000000, 0x0000000092080000, 0x00000000d5580000)
  object space 295424K, 59% used [0x0000000080000000,0x000000008ab51df8,0x0000000092080000)
 Metaspace       used 110228K, capacity 115910K, committed 116120K, reserved 1150976K
  class space    used 14457K, capacity 15517K, committed 15536K, reserved 1048576K
Event: 353.988 GC heap after
Heap after GC invocations=25 (full 4):
 PSYoungGen      total 287232K, used 41914K [0x00000000d5580000, 0x00000000ed200000, 0x0000000100000000)
  eden space 217600K, 0% used [0x00000000d5580000,0x00000000d5580000,0x00000000e2a00000)
  from space 69632K, 60% used [0x00000000e2a00000,0x00000000e52ee9d8,0x00000000e6e00000)
  to   space 70656K, 0% used [0x00000000e8d00000,0x00000000e8d00000,0x00000000ed200000)
 ParOldGen       total 295424K, used 175439K [0x0000000080000000, 0x0000000092080000, 0x00000000d5580000)
  object space 295424K, 59% used [0x0000000080000000,0x000000008ab53df8,0x0000000092080000)
 Metaspace       used 110228K, capacity 115910K, committed 116120K, reserved 1150976K
  class space    used 14457K, capacity 15517K, committed 15536K, reserved 1048576K
}

