# JRE version: OpenJDK Runtime Environment (8.0_242-b01) (build 1.8.0_242-release-1644-b01)
# Java VM: OpenJDK 64-Bit Server VM (25.242-b01 mixed mode windows-amd64 compressed oops)
Heap:
 PSYoungGen      total 123904K, used 19396K [0x00000000d5580000, 0x00000000dde00000, 0x0000000100000000)
  eden space 110592K, 5% used [0x00000000d5580000,0x00000000d5b729a8,0x00000000dc180000)
  from space 13312K, 99% used [0x00000000dc180000,0x00000000dce7e918,0x00000000dce80000)
  to   space 9216K, 0% used [0x00000000dce80000,0x00000000dce80000,0x00000000dd780000)
 ParOldGen       total 69120K, used 33866K [0x0000000080000000, 0x0000000084380000, 0x00000000d5580000)
  object space 69120K, 48% used [0x0000000080000000,0x0000000082112b78,0x0000000084380000)
 Metaspace       used 54340K, capacity 56396K, committed 56616K, reserved 1097728K
  class space    used 7212K, capacity 7674K, committed 7728K, reserved 1048576K
GC Heap History (10 events):
Event: 11.928 GC heap before
{Heap before GC invocations=13 (full 1):
 PSYoungGen      total 77312K, used 62183K [0x00000000d5580000, 0x00000000dc200000, 0x0000000100000000)
  eden space 70144K, 78% used [0x00000000d5580000,0x00000000d8b3a2b8,0x00000000d9a00000)
  from space 7168K, 99% used [0x00000000d9a00000,0x00000000da0ffa00,0x00000000da100000)
  to   space 8704K, 0% used [0x00000000db980000,0x00000000db980000,0x00000000dc200000)
 ParOldGen       total 40960K, used 9944K [0x0000000080000000, 0x0000000082800000, 0x00000000d5580000)
  object space 40960K, 24% used [0x0000000080000000,0x00000000809b61b8,0x0000000082800000)
 Metaspace       used 34294K, capacity 35450K, committed 35496K, reserved 1079296K
  class space    used 4712K, capacity 5034K, committed 5040K, reserved 1048576K
Event: 11.944 GC heap after
Heap after GC invocations=13 (full 1):
 PSYoungGen      total 102400K, used 4442K [0x00000000d5580000, 0x00000000dc980000, 0x0000000100000000)
  eden space 93696K, 0% used [0x00000000d5580000,0x00000000d5580000,0x00000000db100000)
  from space 8704K, 51% used [0x00000000db980000,0x00000000dbdd6a90,0x00000000dc200000)
  to   space 8704K, 0% used [0x00000000db100000,0x00000000db100000,0x00000000db980000)
 ParOldGen       total 40960K, used 13876K [0x0000000080000000, 0x0000000082800000, 0x00000000d5580000)
  object space 40960K, 33% used [0x0000000080000000,0x0000000080d8d0c8,0x0000000082800000)
 Metaspace       used 34294K, capacity 35450K, committed 35496K, reserved 1079296K
  class space    used 4712K, capacity 5034K, committed 5040K, reserved 1048576K
}
Event: 11.944 GC heap before
{Heap before GC invocations=14 (full 2):
 PSYoungGen      total 102400K, used 4442K [0x00000000d5580000, 0x00000000dc980000, 0x0000000100000000)
  eden space 93696K, 0% used [0x00000000d5580000,0x00000000d5580000,0x00000000db100000)
  from space 8704K, 51% used [0x00000000db980000,0x00000000dbdd6a90,0x00000000dc200000)
  to   space 8704K, 0% used [0x00000000db100000,0x00000000db100000,0x00000000db980000)
 ParOldGen       total 40960K, used 13876K [0x0000000080000000, 0x0000000082800000, 0x00000000d5580000)
  object space 40960K, 33% used [0x0000000080000000,0x0000000080d8d0c8,0x0000000082800000)
 Metaspace       used 34294K, capacity 35450K, committed 35496K, reserved 1079296K
  class space    used 4712K, capacity 5034K, committed 5040K, reserved 1048576K
Event: 12.066 GC heap after
Heap after GC invocations=14 (full 2):
 PSYoungGen      total 102400K, used 0K [0x00000000d5580000, 0x00000000dc980000, 0x0000000100000000)
  eden space 93696K, 0% used [0x00000000d5580000,0x00000000d5580000,0x00000000db100000)
  from space 8704K, 0% used [0x00000000db980000,0x00000000db980000,0x00000000dc200000)
  to   space 8704K, 0% used [0x00000000db100000,0x00000000db100000,0x00000000db980000)
 ParOldGen       total 69120K, used 15732K [0x0000000080000000, 0x0000000084380000, 0x00000000d5580000)
  object space 69120K, 22% used [0x0000000080000000,0x0000000080f5d058,0x0000000084380000)
 Metaspace       used 34294K, capacity 35450K, committed 35496K, reserved 1079296K
  class space    used 4712K, capacity 5034K, committed 5040K, reserved 1048576K
}
Event: 13.442 GC heap before
{Heap before GC invocations=15 (full 2):
 PSYoungGen      total 102400K, used 93696K [0x00000000d5580000, 0x00000000dc980000, 0x0000000100000000)
  eden space 93696K, 100% used [0x00000000d5580000,0x00000000db100000,0x00000000db100000)
  from space 8704K, 0% used [0x00000000db980000,0x00000000db980000,0x00000000dc200000)
  to   space 8704K, 0% used [0x00000000db100000,0x00000000db100000,0x00000000db980000)
 ParOldGen       total 69120K, used 15732K [0x0000000080000000, 0x0000000084380000, 0x00000000d5580000)
  object space 69120K, 22% used [0x0000000080000000,0x0000000080f5d058,0x0000000084380000)
 Metaspace       used 36602K, capacity 38112K, committed 38184K, reserved 1081344K
  class space    used 5008K, capacity 5373K, committed 5424K, reserved 1048576K
Event: 13.451 GC heap after
Heap after GC invocations=15 (full 2):
 PSYoungGen      total 102400K, used 6837K [0x00000000d5580000, 0x00000000dd780000, 0x0000000100000000)
  eden space 93696K, 0% used [0x00000000d5580000,0x00000000d5580000,0x00000000db100000)
  from space 8704K, 78% used [0x00000000db100000,0x00000000db7ad618,0x00000000db980000)
  to   space 9216K, 0% used [0x00000000dce80000,0x00000000dce80000,0x00000000dd780000)
 ParOldGen       total 69120K, used 15740K [0x0000000080000000, 0x0000000084380000, 0x00000000d5580000)
  object space 69120K, 22% used [0x0000000080000000,0x0000000080f5f058,0x0000000084380000)
 Metaspace       used 36602K, capacity 38112K, committed 38184K, reserved 1081344K
  class space    used 5008K, capacity 5373K, committed 5424K, reserved 1048576K
}
Event: 16.306 GC heap before
{Heap before GC invocations=16 (full 2):
 PSYoungGen      total 102400K, used 100533K [0x00000000d5580000, 0x00000000dd780000, 0x0000000100000000)
  eden space 93696K, 100% used [0x00000000d5580000,0x00000000db100000,0x00000000db100000)
  from space 8704K, 78% used [0x00000000db100000,0x00000000db7ad618,0x00000000db980000)
  to   space 9216K, 0% used [0x00000000dce80000,0x00000000dce80000,0x00000000dd780000)
 ParOldGen       total 69120K, used 15740K [0x0000000080000000, 0x0000000084380000, 0x00000000d5580000)
  object space 69120K, 22% used [0x0000000080000000,0x0000000080f5f058,0x0000000084380000)
 Metaspace       used 45612K, capacity 47480K, committed 47784K, reserved 1091584K
  class space    used 6155K, capacity 6554K, committed 6576K, reserved 1048576K
Event: 16.323 GC heap after
Heap after GC invocations=16 (full 2):
 PSYoungGen      total 119808K, used 9206K [0x00000000d5580000, 0x00000000dde00000, 0x0000000100000000)
  eden space 110592K, 0% used [0x00000000d5580000,0x00000000d5580000,0x00000000dc180000)
  from space 9216K, 99% used [0x00000000dce80000,0x00000000dd77dba0,0x00000000dd780000)
  to   space 13312K, 0% used [0x00000000dc180000,0x00000000dc180000,0x00000000dce80000)
 ParOldGen       total 69120K, used 24451K [0x0000000080000000, 0x0000000084380000, 0x00000000d5580000)
  object space 69120K, 35% used [0x0000000080000000,0x00000000817e0cb8,0x0000000084380000)
 Metaspace       used 45612K, capacity 47480K, committed 47784K, reserved 1091584K
  class space    used 6155K, capacity 6554K, committed 6576K, reserved 1048576K
}
Event: 19.989 GC heap before
{Heap before GC invocations=17 (full 2):
 PSYoungGen      total 119808K, used 119798K [0x00000000d5580000, 0x00000000dde00000, 0x0000000100000000)
  eden space 110592K, 100% used [0x00000000d5580000,0x00000000dc180000,0x00000000dc180000)
  from space 9216K, 99% used [0x00000000dce80000,0x00000000dd77dba0,0x00000000dd780000)
  to   space 13312K, 0% used [0x00000000dc180000,0x00000000dc180000,0x00000000dce80000)
 ParOldGen       total 69120K, used 24451K [0x0000000080000000, 0x0000000084380000, 0x00000000d5580000)
  object space 69120K, 35% used [0x0000000080000000,0x00000000817e0cb8,0x0000000084380000)
 Metaspace       used 53877K, capacity 55974K, committed 56232K, reserved 1097728K
  class space    used 7152K, capacity 7599K, committed 7600K, reserved 1048576K
Event: 20.113 GC heap after
Heap after GC invocations=17 (full 2):
 PSYoungGen      total 123904K, used 13306K [0x00000000d5580000, 0x00000000dde00000, 0x0000000100000000)
  eden space 110592K, 0% used [0x00000000d5580000,0x00000000d5580000,0x00000000dc180000)
  from space 13312K, 99% used [0x00000000dc180000,0x00000000dce7e918,0x00000000dce80000)
  to   space 9216K, 0% used [0x00000000dce80000,0x00000000dce80000,0x00000000dd780000)
 ParOldGen       total 69120K, used 33866K [0x0000000080000000, 0x0000000084380000, 0x00000000d5580000)
  object space 69120K, 48% used [0x0000000080000000,0x0000000082112b78,0x0000000084380000)
 Metaspace       used 53877K, capacity 55974K, committed 56232K, reserved 1097728K
  class space    used 7152K, capacity 7599K, committed 7600K, reserved 1048576K
}

