# JRE version: OpenJDK Runtime Environment (8.0_242-b01) (build 1.8.0_242-release-1644-b01)
# Java VM: OpenJDK 64-Bit Server VM (25.242-b01 mixed mode windows-amd64 compressed oops)
Heap:
 PSYoungGen      total 462336K, used 462169K [0x00000000d5580000, 0x00000000fe900000, 0x0000000100000000)
  eden space 404992K, 100% used [0x00000000d5580000,0x00000000ee100000,0x00000000ee100000)
  from space 57344K, 99% used [0x00000000ee100000,0x00000000f18d6610,0x00000000f1900000)
  to   space 135168K, 0% used [0x00000000f6500000,0x00000000f6510000,0x00000000fe900000)
 ParOldGen       total 374272K, used 268738K [0x0000000080000000, 0x0000000096d80000, 0x00000000d5580000)
  object space 374272K, 71% used [0x0000000080000000,0x0000000090670908,0x0000000096d80000)
 Metaspace       used 144385K, capacity 152578K, committed 152728K, reserved 1181696K
  class space    used 18235K, capacity 19867K, committed 19888K, reserved 1048576K
GC Heap History (10 events):
Event: 891.737 GC heap before
{Heap before GC invocations=32 (full 5):
 PSYoungGen      total 417280K, used 366464K [0x00000000d5580000, 0x00000000f4d80000, 0x0000000100000000)
  eden space 337920K, 99% used [0x00000000d5580000,0x00000000e9e99088,0x00000000e9f80000)
  from space 79360K, 37% used [0x00000000f0000000,0x00000000f1cc71c8,0x00000000f4d80000)
  to   space 89088K, 0% used [0x00000000e9f80000,0x00000000e9f80000,0x00000000ef680000)
 ParOldGen       total 374272K, used 190407K [0x0000000080000000, 0x0000000096d80000, 0x00000000d5580000)
  object space 374272K, 50% used [0x0000000080000000,0x000000008b9f1e08,0x0000000096d80000)
 Metaspace       used 129255K, capacity 136184K, committed 136344K, reserved 1167360K
  class space    used 16623K, capacity 18014K, committed 18096K, reserved 1048576K
Event: 892.828 GC heap after
Heap after GC invocations=32 (full 5):
 PSYoungGen      total 427008K, used 89060K [0x00000000d5580000, 0x00000000f9880000, 0x0000000100000000)
  eden space 337920K, 0% used [0x00000000d5580000,0x00000000d5580000,0x00000000e9f80000)
  from space 89088K, 99% used [0x00000000e9f80000,0x00000000ef679070,0x00000000ef680000)
  to   space 107008K, 0% used [0x00000000f3000000,0x00000000f3000000,0x00000000f9880000)
 ParOldGen       total 374272K, used 198476K [0x0000000080000000, 0x0000000096d80000, 0x00000000d5580000)
  object space 374272K, 53% used [0x0000000080000000,0x000000008c1d3270,0x0000000096d80000)
 Metaspace       used 129255K, capacity 136184K, committed 136344K, reserved 1167360K
  class space    used 16623K, capacity 18014K, committed 18096K, reserved 1048576K
}
Event: 939.459 GC heap before
{Heap before GC invocations=33 (full 5):
 PSYoungGen      total 427008K, used 426980K [0x00000000d5580000, 0x00000000f9880000, 0x0000000100000000)
  eden space 337920K, 100% used [0x00000000d5580000,0x00000000e9f80000,0x00000000e9f80000)
  from space 89088K, 99% used [0x00000000e9f80000,0x00000000ef679070,0x00000000ef680000)
  to   space 107008K, 0% used [0x00000000f3000000,0x00000000f3000000,0x00000000f9880000)
 ParOldGen       total 374272K, used 198476K [0x0000000080000000, 0x0000000096d80000, 0x00000000d5580000)
  object space 374272K, 53% used [0x0000000080000000,0x000000008c1d3270,0x0000000096d80000)
 Metaspace       used 131439K, capacity 138828K, committed 138904K, reserved 1169408K
  class space    used 16864K, capacity 18334K, committed 18352K, reserved 1048576K
Event: 939.978 GC heap after
Heap after GC invocations=33 (full 5):
 PSYoungGen      total 479744K, used 75750K [0x00000000d5580000, 0x00000000fa280000, 0x0000000100000000)
  eden space 372736K, 0% used [0x00000000d5580000,0x00000000d5580000,0x00000000ec180000)
  from space 107008K, 70% used [0x00000000f3000000,0x00000000f79f9ba0,0x00000000f9880000)
  to   space 113152K, 0% used [0x00000000ec180000,0x00000000ec180000,0x00000000f3000000)
 ParOldGen       total 374272K, used 198484K [0x0000000080000000, 0x0000000096d80000, 0x00000000d5580000)
  object space 374272K, 53% used [0x0000000080000000,0x000000008c1d5270,0x0000000096d80000)
 Metaspace       used 131439K, capacity 138828K, committed 138904K, reserved 1169408K
  class space    used 16864K, capacity 18334K, committed 18352K, reserved 1048576K
}
Event: 950.569 GC heap before
{Heap before GC invocations=34 (full 5):
 PSYoungGen      total 479744K, used 448486K [0x00000000d5580000, 0x00000000fa280000, 0x0000000100000000)
  eden space 372736K, 100% used [0x00000000d5580000,0x00000000ec180000,0x00000000ec180000)
  from space 107008K, 70% used [0x00000000f3000000,0x00000000f79f9ba0,0x00000000f9880000)
  to   space 113152K, 0% used [0x00000000ec180000,0x00000000ec180000,0x00000000f3000000)
 ParOldGen       total 374272K, used 198484K [0x0000000080000000, 0x0000000096d80000, 0x00000000d5580000)
  object space 374272K, 53% used [0x0000000080000000,0x000000008c1d5270,0x0000000096d80000)
 Metaspace       used 139068K, capacity 146708K, committed 146968K, reserved 1177600K
  class space    used 17739K, capacity 19238K, committed 19248K, reserved 1048576K
Event: 951.099 GC heap after
Heap after GC invocations=34 (full 5):
 PSYoungGen      total 485888K, used 113124K [0x00000000d5580000, 0x0000000100000000, 0x0000000100000000)
  eden space 372736K, 0% used [0x00000000d5580000,0x00000000d5580000,0x00000000ec180000)
  from space 113152K, 99% used [0x00000000ec180000,0x00000000f2ff9308,0x00000000f3000000)
  to   space 150528K, 0% used [0x00000000f6d00000,0x00000000f6d00000,0x0000000100000000)
 ParOldGen       total 374272K, used 250326K [0x0000000080000000, 0x0000000096d80000, 0x00000000d5580000)
  object space 374272K, 66% used [0x0000000080000000,0x000000008f475988,0x0000000096d80000)
 Metaspace       used 139068K, capacity 146708K, committed 146968K, reserved 1177600K
  class space    used 17739K, capacity 19238K, committed 19248K, reserved 1048576K
}
Event: 1062.827 GC heap before
{Heap before GC invocations=35 (full 5):
 PSYoungGen      total 485888K, used 485860K [0x00000000d5580000, 0x0000000100000000, 0x0000000100000000)
  eden space 372736K, 100% used [0x00000000d5580000,0x00000000ec180000,0x00000000ec180000)
  from space 113152K, 99% used [0x00000000ec180000,0x00000000f2ff9308,0x00000000f3000000)
  to   space 150528K, 0% used [0x00000000f6d00000,0x00000000f6d00000,0x0000000100000000)
 ParOldGen       total 374272K, used 250326K [0x0000000080000000, 0x0000000096d80000, 0x00000000d5580000)
  object space 374272K, 66% used [0x0000000080000000,0x000000008f475988,0x0000000096d80000)
 Metaspace       used 139512K, capacity 147334K, committed 147608K, reserved 1177600K
  class space    used 17784K, capacity 19321K, committed 19376K, reserved 1048576K
Event: 1064.217 GC heap after
Heap after GC invocations=35 (full 5):
 PSYoungGen      total 555520K, used 62953K [0x00000000d5580000, 0x0000000100000000, 0x0000000100000000)
  eden space 404992K, 0% used [0x00000000d5580000,0x00000000d5580000,0x00000000ee100000)
  from space 150528K, 41% used [0x00000000f6d00000,0x00000000faa7a618,0x0000000100000000)
  to   space 143360K, 0% used [0x00000000ee100000,0x00000000ee100000,0x00000000f6d00000)
 ParOldGen       total 374272K, used 268730K [0x0000000080000000, 0x0000000096d80000, 0x00000000d5580000)
  object space 374272K, 71% used [0x0000000080000000,0x000000009066e908,0x0000000096d80000)
 Metaspace       used 139512K, capacity 147334K, committed 147608K, reserved 1177600K
  class space    used 17784K, capacity 19321K, committed 19376K, reserved 1048576K
}
Event: 2080.503 GC heap before
{Heap before GC invocations=36 (full 5):
 PSYoungGen      total 555520K, used 467945K [0x00000000d5580000, 0x0000000100000000, 0x0000000100000000)
  eden space 404992K, 100% used [0x00000000d5580000,0x00000000ee100000,0x00000000ee100000)
  from space 150528K, 41% used [0x00000000f6d00000,0x00000000faa7a618,0x0000000100000000)
  to   space 143360K, 0% used [0x00000000ee100000,0x00000000ee100000,0x00000000f6d00000)
 ParOldGen       total 374272K, used 268730K [0x0000000080000000, 0x0000000096d80000, 0x00000000d5580000)
  object space 374272K, 71% used [0x0000000080000000,0x000000009066e908,0x0000000096d80000)
 Metaspace       used 139795K, capacity 147688K, committed 147864K, reserved 1177600K
  class space    used 17788K, capacity 19324K, committed 19376K, reserved 1048576K
Event: 2082.312 GC heap after
Heap after GC invocations=36 (full 5):
 PSYoungGen      total 462336K, used 57177K [0x00000000d5580000, 0x00000000fe900000, 0x0000000100000000)
  eden space 404992K, 0% used [0x00000000d5580000,0x00000000d5580000,0x00000000ee100000)
  from space 57344K, 99% used [0x00000000ee100000,0x00000000f18d6610,0x00000000f1900000)
  to   space 135168K, 0% used [0x00000000f6500000,0x00000000f6500000,0x00000000fe900000)
 ParOldGen       total 374272K, used 268738K [0x0000000080000000, 0x0000000096d80000, 0x00000000d5580000)
  object space 374272K, 71% used [0x0000000080000000,0x0000000090670908,0x0000000096d80000)
 Metaspace       used 139795K, capacity 147688K, committed 147864K, reserved 1177600K
  class space    used 17788K, capacity 19324K, committed 19376K, reserved 1048576K
}

