# JRE version: OpenJDK Runtime Environment (8.0_242-b01) (build 1.8.0_242-release-1644-b01)
# Java VM: OpenJDK 64-Bit Server VM (25.242-b01 mixed mode windows-amd64 compressed oops)
Heap:
 PSYoungGen      total 170496K, used 150656K [0x00000000d5580000, 0x00000000e1780000, 0x0000000100000000)
  eden space 143872K, 93% used [0x00000000d5580000,0x00000000dd8ad020,0x00000000de200000)
  from space 26624K, 61% used [0x00000000de200000,0x00000000df1f30a0,0x00000000dfc00000)
  to   space 27648K, 0% used [0x00000000dfc00000,0x00000000dfc00000,0x00000000e1700000)
 ParOldGen       total 120320K, used 69538K [0x0000000080000000, 0x0000000087580000, 0x00000000d5580000)
  object space 120320K, 57% used [0x0000000080000000,0x00000000843e8968,0x0000000087580000)
 Metaspace       used 80834K, capacity 84594K, committed 84760K, reserved 1122304K
  class space    used 10766K, capacity 11488K, committed 11568K, reserved 1048576K
GC Heap History (10 events):
Event: 20.006 GC heap before
{Heap before GC invocations=20 (full 3):
 PSYoungGen      total 134656K, used 119296K [0x00000000d5580000, 0x00000000de900000, 0x0000000100000000)
  eden space 119296K, 100% used [0x00000000d5580000,0x00000000dca00000,0x00000000dca00000)
  from space 15360K, 0% used [0x00000000dd900000,0x00000000dd900000,0x00000000de800000)
  to   space 15360K, 0% used [0x00000000dca00000,0x00000000dca00000,0x00000000dd900000)
 ParOldGen       total 120320K, used 34565K [0x0000000080000000, 0x0000000087580000, 0x00000000d5580000)
  object space 120320K, 28% used [0x0000000080000000,0x00000000821c14f0,0x0000000087580000)
 Metaspace       used 64534K, capacity 67044K, committed 67224K, reserved 1107968K
  class space    used 8833K, capacity 9367K, committed 9392K, reserved 1048576K
Event: 20.023 GC heap after
Heap after GC invocations=20 (full 3):
 PSYoungGen      total 134656K, used 12298K [0x00000000d5580000, 0x00000000df700000, 0x0000000100000000)
  eden space 119296K, 0% used [0x00000000d5580000,0x00000000d5580000,0x00000000dca00000)
  from space 15360K, 80% used [0x00000000dca00000,0x00000000dd6028c8,0x00000000dd900000)
  to   space 16384K, 0% used [0x00000000de700000,0x00000000de700000,0x00000000df700000)
 ParOldGen       total 120320K, used 34573K [0x0000000080000000, 0x0000000087580000, 0x00000000d5580000)
  object space 120320K, 28% used [0x0000000080000000,0x00000000821c34f0,0x0000000087580000)
 Metaspace       used 64534K, capacity 67044K, committed 67224K, reserved 1107968K
  class space    used 8833K, capacity 9367K, committed 9392K, reserved 1048576K
}
Event: 29.448 GC heap before
{Heap before GC invocations=21 (full 3):
 PSYoungGen      total 134656K, used 131594K [0x00000000d5580000, 0x00000000df700000, 0x0000000100000000)
  eden space 119296K, 100% used [0x00000000d5580000,0x00000000dca00000,0x00000000dca00000)
  from space 15360K, 80% used [0x00000000dca00000,0x00000000dd6028c8,0x00000000dd900000)
  to   space 16384K, 0% used [0x00000000de700000,0x00000000de700000,0x00000000df700000)
 ParOldGen       total 120320K, used 34573K [0x0000000080000000, 0x0000000087580000, 0x00000000d5580000)
  object space 120320K, 28% used [0x0000000080000000,0x00000000821c34f0,0x0000000087580000)
 Metaspace       used 67989K, capacity 71434K, committed 71704K, reserved 1112064K
  class space    used 9314K, capacity 9992K, committed 10032K, reserved 1048576K
Event: 29.476 GC heap after
Heap after GC invocations=21 (full 3):
 PSYoungGen      total 146432K, used 16363K [0x00000000d5580000, 0x00000000dfa80000, 0x0000000100000000)
  eden space 130048K, 0% used [0x00000000d5580000,0x00000000d5580000,0x00000000dd480000)
  from space 16384K, 99% used [0x00000000de700000,0x00000000df6fad98,0x00000000df700000)
  to   space 18944K, 0% used [0x00000000dd480000,0x00000000dd480000,0x00000000de700000)
 ParOldGen       total 120320K, used 34620K [0x0000000080000000, 0x0000000087580000, 0x00000000d5580000)
  object space 120320K, 28% used [0x0000000080000000,0x00000000821cf048,0x0000000087580000)
 Metaspace       used 67989K, capacity 71434K, committed 71704K, reserved 1112064K
  class space    used 9314K, capacity 9992K, committed 10032K, reserved 1048576K
}
Event: 33.138 GC heap before
{Heap before GC invocations=22 (full 3):
 PSYoungGen      total 146432K, used 146411K [0x00000000d5580000, 0x00000000dfa80000, 0x0000000100000000)
  eden space 130048K, 100% used [0x00000000d5580000,0x00000000dd480000,0x00000000dd480000)
  from space 16384K, 99% used [0x00000000de700000,0x00000000df6fad98,0x00000000df700000)
  to   space 18944K, 0% used [0x00000000dd480000,0x00000000dd480000,0x00000000de700000)
 ParOldGen       total 120320K, used 34620K [0x0000000080000000, 0x0000000087580000, 0x00000000d5580000)
  object space 120320K, 28% used [0x0000000080000000,0x00000000821cf048,0x0000000087580000)
 Metaspace       used 69483K, capacity 72866K, committed 73112K, reserved 1112064K
  class space    used 9449K, capacity 10104K, committed 10160K, reserved 1048576K
Event: 33.174 GC heap after
Heap after GC invocations=22 (full 3):
 PSYoungGen      total 148992K, used 18925K [0x00000000d5580000, 0x00000000e1700000, 0x0000000100000000)
  eden space 130048K, 0% used [0x00000000d5580000,0x00000000d5580000,0x00000000dd480000)
  from space 18944K, 99% used [0x00000000dd480000,0x00000000de6fb520,0x00000000de700000)
  to   space 27648K, 0% used [0x00000000dfc00000,0x00000000dfc00000,0x00000000e1700000)
 ParOldGen       total 120320K, used 51211K [0x0000000080000000, 0x0000000087580000, 0x00000000d5580000)
  object space 120320K, 42% used [0x0000000080000000,0x0000000083202f00,0x0000000087580000)
 Metaspace       used 69483K, capacity 72866K, committed 73112K, reserved 1112064K
  class space    used 9449K, capacity 10104K, committed 10160K, reserved 1048576K
}
Event: 40.325 GC heap before
{Heap before GC invocations=23 (full 3):
 PSYoungGen      total 148992K, used 148973K [0x00000000d5580000, 0x00000000e1700000, 0x0000000100000000)
  eden space 130048K, 100% used [0x00000000d5580000,0x00000000dd480000,0x00000000dd480000)
  from space 18944K, 99% used [0x00000000dd480000,0x00000000de6fb520,0x00000000de700000)
  to   space 27648K, 0% used [0x00000000dfc00000,0x00000000dfc00000,0x00000000e1700000)
 ParOldGen       total 120320K, used 51211K [0x0000000080000000, 0x0000000087580000, 0x00000000d5580000)
  object space 120320K, 42% used [0x0000000080000000,0x0000000083202f00,0x0000000087580000)
 Metaspace       used 76069K, capacity 79548K, committed 79768K, reserved 1118208K
  class space    used 10181K, capacity 10869K, committed 10928K, reserved 1048576K
Event: 40.446 GC heap after
Heap after GC invocations=23 (full 3):
 PSYoungGen      total 171520K, used 9304K [0x00000000d5580000, 0x00000000e1780000, 0x0000000100000000)
  eden space 143872K, 0% used [0x00000000d5580000,0x00000000d5580000,0x00000000de200000)
  from space 27648K, 33% used [0x00000000dfc00000,0x00000000e0516078,0x00000000e1700000)
  to   space 26624K, 0% used [0x00000000de200000,0x00000000de200000,0x00000000dfc00000)
 ParOldGen       total 120320K, used 69530K [0x0000000080000000, 0x0000000087580000, 0x00000000d5580000)
  object space 120320K, 57% used [0x0000000080000000,0x00000000843e6968,0x0000000087580000)
 Metaspace       used 76069K, capacity 79548K, committed 79768K, reserved 1118208K
  class space    used 10181K, capacity 10869K, committed 10928K, reserved 1048576K
}
Event: 43.616 GC heap before
{Heap before GC invocations=24 (full 3):
 PSYoungGen      total 171520K, used 153176K [0x00000000d5580000, 0x00000000e1780000, 0x0000000100000000)
  eden space 143872K, 100% used [0x00000000d5580000,0x00000000de200000,0x00000000de200000)
  from space 27648K, 33% used [0x00000000dfc00000,0x00000000e0516078,0x00000000e1700000)
  to   space 26624K, 0% used [0x00000000de200000,0x00000000de200000,0x00000000dfc00000)
 ParOldGen       total 120320K, used 69530K [0x0000000080000000, 0x0000000087580000, 0x00000000d5580000)
  object space 120320K, 57% used [0x0000000080000000,0x00000000843e6968,0x0000000087580000)
 Metaspace       used 79818K, capacity 83494K, committed 83864K, reserved 1122304K
  class space    used 10632K, capacity 11346K, committed 11440K, reserved 1048576K
Event: 43.635 GC heap after
Heap after GC invocations=24 (full 3):
 PSYoungGen      total 170496K, used 16332K [0x00000000d5580000, 0x00000000e1780000, 0x0000000100000000)
  eden space 143872K, 0% used [0x00000000d5580000,0x00000000d5580000,0x00000000de200000)
  from space 26624K, 61% used [0x00000000de200000,0x00000000df1f30a0,0x00000000dfc00000)
  to   space 27648K, 0% used [0x00000000dfc00000,0x00000000dfc00000,0x00000000e1700000)
 ParOldGen       total 120320K, used 69538K [0x0000000080000000, 0x0000000087580000, 0x00000000d5580000)
  object space 120320K, 57% used [0x0000000080000000,0x00000000843e8968,0x0000000087580000)
 Metaspace       used 79818K, capacity 83494K, committed 83864K, reserved 1122304K
  class space    used 10632K, capacity 11346K, committed 11440K, reserved 1048576K
}

