# JRE version: OpenJDK Runtime Environment (8.0_242-b01) (build 1.8.0_242-release-1644-b01)
# Java VM: OpenJDK 64-Bit Server VM (25.242-b01 mixed mode windows-amd64 compressed oops)
Heap:
 PSYoungGen      total 72704K, used 27408K [0x00000000e0a00000, 0x00000000e6a00000, 0x0000000100000000)
  eden space 60928K, 25% used [0x00000000e0a00000,0x00000000e194be60,0x00000000e4580000)
  from space 11776K, 99% used [0x00000000e5580000,0x00000000e60f84f8,0x00000000e6100000)
  to   space 16384K, 0% used [0x00000000e4580000,0x00000000e4580000,0x00000000e5580000)
 ParOldGen       total 54784K, used 32972K [0x00000000a1e00000, 0x00000000a5380000, 0x00000000e0a00000)
  object space 54784K, 60% used [0x00000000a1e00000,0x00000000a3e332e0,0x00000000a5380000)
 Metaspace       used 46554K, capacity 47320K, committed 47744K, reserved 1091584K
  class space    used 5961K, capacity 6197K, committed 6272K, reserved 1048576K
GC Heap History (10 events):
Event: 3.074 GC heap before
{Heap before GC invocations=6 (full 1):
 PSYoungGen      total 53248K, used 49152K [0x00000000e0a00000, 0x00000000e4200000, 0x0000000100000000)
  eden space 49152K, 100% used [0x00000000e0a00000,0x00000000e3a00000,0x00000000e3a00000)
  from space 4096K, 0% used [0x00000000e3e00000,0x00000000e3e00000,0x00000000e4200000)
  to   space 4096K, 0% used [0x00000000e3a00000,0x00000000e3a00000,0x00000000e3e00000)
 ParOldGen       total 54784K, used 8160K [0x00000000a1e00000, 0x00000000a5380000, 0x00000000e0a00000)
  object space 54784K, 14% used [0x00000000a1e00000,0x00000000a25f8270,0x00000000a5380000)
 Metaspace       used 25832K, capacity 26400K, committed 26496K, reserved 1073152K
  class space    used 3047K, capacity 3189K, committed 3200K, reserved 1048576K
Event: 3.082 GC heap after
Heap after GC invocations=6 (full 1):
 PSYoungGen      total 53248K, used 4067K [0x00000000e0a00000, 0x00000000e6100000, 0x0000000100000000)
  eden space 49152K, 0% used [0x00000000e0a00000,0x00000000e0a00000,0x00000000e3a00000)
  from space 4096K, 99% used [0x00000000e3a00000,0x00000000e3df8c70,0x00000000e3e00000)
  to   space 11776K, 0% used [0x00000000e5580000,0x00000000e5580000,0x00000000e6100000)
 ParOldGen       total 54784K, used 14853K [0x00000000a1e00000, 0x00000000a5380000, 0x00000000e0a00000)
  object space 54784K, 27% used [0x00000000a1e00000,0x00000000a2c81460,0x00000000a5380000)
 Metaspace       used 25832K, capacity 26400K, committed 26496K, reserved 1073152K
  class space    used 3047K, capacity 3189K, committed 3200K, reserved 1048576K
}
Event: 4.134 GC heap before
{Heap before GC invocations=7 (full 1):
 PSYoungGen      total 53248K, used 51496K [0x00000000e0a00000, 0x00000000e6100000, 0x0000000100000000)
  eden space 49152K, 96% used [0x00000000e0a00000,0x00000000e3851470,0x00000000e3a00000)
  from space 4096K, 99% used [0x00000000e3a00000,0x00000000e3df8c70,0x00000000e3e00000)
  to   space 11776K, 0% used [0x00000000e5580000,0x00000000e5580000,0x00000000e6100000)
 ParOldGen       total 54784K, used 14853K [0x00000000a1e00000, 0x00000000a5380000, 0x00000000e0a00000)
  object space 54784K, 27% used [0x00000000a1e00000,0x00000000a2c81460,0x00000000a5380000)
 Metaspace       used 34766K, capacity 35296K, committed 35496K, reserved 1081344K
  class space    used 4429K, capacity 4585K, committed 4608K, reserved 1048576K
Event: 4.151 GC heap after
Heap after GC invocations=7 (full 1):
 PSYoungGen      total 72704K, used 11747K [0x00000000e0a00000, 0x00000000e6a00000, 0x0000000100000000)
  eden space 60928K, 0% used [0x00000000e0a00000,0x00000000e0a00000,0x00000000e4580000)
  from space 11776K, 99% used [0x00000000e5580000,0x00000000e60f8c18,0x00000000e6100000)
  to   space 16384K, 0% used [0x00000000e4580000,0x00000000e4580000,0x00000000e5580000)
 ParOldGen       total 54784K, used 20268K [0x00000000a1e00000, 0x00000000a5380000, 0x00000000e0a00000)
  object space 54784K, 36% used [0x00000000a1e00000,0x00000000a31cb230,0x00000000a5380000)
 Metaspace       used 34766K, capacity 35296K, committed 35496K, reserved 1081344K
  class space    used 4429K, capacity 4585K, committed 4608K, reserved 1048576K
}
Event: 4.151 GC heap before
{Heap before GC invocations=8 (full 2):
 PSYoungGen      total 72704K, used 11747K [0x00000000e0a00000, 0x00000000e6a00000, 0x0000000100000000)
  eden space 60928K, 0% used [0x00000000e0a00000,0x00000000e0a00000,0x00000000e4580000)
  from space 11776K, 99% used [0x00000000e5580000,0x00000000e60f8c18,0x00000000e6100000)
  to   space 16384K, 0% used [0x00000000e4580000,0x00000000e4580000,0x00000000e5580000)
 ParOldGen       total 54784K, used 20268K [0x00000000a1e00000, 0x00000000a5380000, 0x00000000e0a00000)
  object space 54784K, 36% used [0x00000000a1e00000,0x00000000a31cb230,0x00000000a5380000)
 Metaspace       used 34766K, capacity 35296K, committed 35496K, reserved 1081344K
  class space    used 4429K, capacity 4585K, committed 4608K, reserved 1048576K
Event: 4.233 GC heap after
Heap after GC invocations=8 (full 2):
 PSYoungGen      total 72704K, used 0K [0x00000000e0a00000, 0x00000000e6a00000, 0x0000000100000000)
  eden space 60928K, 0% used [0x00000000e0a00000,0x00000000e0a00000,0x00000000e4580000)
  from space 11776K, 0% used [0x00000000e5580000,0x00000000e5580000,0x00000000e6100000)
  to   space 16384K, 0% used [0x00000000e4580000,0x00000000e4580000,0x00000000e5580000)
 ParOldGen       total 54784K, used 24243K [0x00000000a1e00000, 0x00000000a5380000, 0x00000000e0a00000)
  object space 54784K, 44% used [0x00000000a1e00000,0x00000000a35acd28,0x00000000a5380000)
 Metaspace       used 34766K, capacity 35296K, committed 35496K, reserved 1081344K
  class space    used 4429K, capacity 4585K, committed 4608K, reserved 1048576K
}
Event: 5.372 GC heap before
{Heap before GC invocations=9 (full 2):
 PSYoungGen      total 72704K, used 60928K [0x00000000e0a00000, 0x00000000e6a00000, 0x0000000100000000)
  eden space 60928K, 100% used [0x00000000e0a00000,0x00000000e4580000,0x00000000e4580000)
  from space 11776K, 0% used [0x00000000e5580000,0x00000000e5580000,0x00000000e6100000)
  to   space 16384K, 0% used [0x00000000e4580000,0x00000000e4580000,0x00000000e5580000)
 ParOldGen       total 54784K, used 24243K [0x00000000a1e00000, 0x00000000a5380000, 0x00000000e0a00000)
  object space 54784K, 44% used [0x00000000a1e00000,0x00000000a35acd28,0x00000000a5380000)
 Metaspace       used 41353K, capacity 42076K, committed 42496K, reserved 1085440K
  class space    used 5293K, capacity 5523K, committed 5632K, reserved 1048576K
Event: 5.391 GC heap after
Heap after GC invocations=9 (full 2):
 PSYoungGen      total 77312K, used 16357K [0x00000000e0a00000, 0x00000000e6a00000, 0x0000000100000000)
  eden space 60928K, 0% used [0x00000000e0a00000,0x00000000e0a00000,0x00000000e4580000)
  from space 16384K, 99% used [0x00000000e4580000,0x00000000e55796b0,0x00000000e5580000)
  to   space 11776K, 0% used [0x00000000e5580000,0x00000000e5580000,0x00000000e6100000)
 ParOldGen       total 54784K, used 24750K [0x00000000a1e00000, 0x00000000a5380000, 0x00000000e0a00000)
  object space 54784K, 45% used [0x00000000a1e00000,0x00000000a362bac0,0x00000000a5380000)
 Metaspace       used 41353K, capacity 42076K, committed 42496K, reserved 1085440K
  class space    used 5293K, capacity 5523K, committed 5632K, reserved 1048576K
}
Event: 6.491 GC heap before
{Heap before GC invocations=10 (full 2):
 PSYoungGen      total 77312K, used 77285K [0x00000000e0a00000, 0x00000000e6a00000, 0x0000000100000000)
  eden space 60928K, 100% used [0x00000000e0a00000,0x00000000e4580000,0x00000000e4580000)
  from space 16384K, 99% used [0x00000000e4580000,0x00000000e55796b0,0x00000000e5580000)
  to   space 11776K, 0% used [0x00000000e5580000,0x00000000e5580000,0x00000000e6100000)
 ParOldGen       total 54784K, used 24750K [0x00000000a1e00000, 0x00000000a5380000, 0x00000000e0a00000)
  object space 54784K, 45% used [0x00000000a1e00000,0x00000000a362bac0,0x00000000a5380000)
 Metaspace       used 46302K, capacity 47096K, committed 47488K, reserved 1091584K
  class space    used 5932K, capacity 6165K, committed 6272K, reserved 1048576K
Event: 6.516 GC heap after
Heap after GC invocations=10 (full 2):
 PSYoungGen      total 72704K, used 11745K [0x00000000e0a00000, 0x00000000e6a00000, 0x0000000100000000)
  eden space 60928K, 0% used [0x00000000e0a00000,0x00000000e0a00000,0x00000000e4580000)
  from space 11776K, 99% used [0x00000000e5580000,0x00000000e60f84f8,0x00000000e6100000)
  to   space 16384K, 0% used [0x00000000e4580000,0x00000000e4580000,0x00000000e5580000)
 ParOldGen       total 54784K, used 32972K [0x00000000a1e00000, 0x00000000a5380000, 0x00000000e0a00000)
  object space 54784K, 60% used [0x00000000a1e00000,0x00000000a3e332e0,0x00000000a5380000)
 Metaspace       used 46302K, capacity 47096K, committed 47488K, reserved 1091584K
  class space    used 5932K, capacity 6165K, committed 6272K, reserved 1048576K
}

