# JRE version: OpenJDK Runtime Environment (8.0_242-b01) (build 1.8.0_242-release-1644-b01)
# Java VM: OpenJDK 64-Bit Server VM (25.242-b01 mixed mode windows-amd64 compressed oops)
Heap:
 PSYoungGen      total 63488K, used 11908K [0x00000000d5580000, 0x00000000da900000, 0x0000000100000000)
  eden space 58880K, 12% used [0x00000000d5580000,0x00000000d5cdcf88,0x00000000d8f00000)
  from space 4608K, 94% used [0x00000000da480000,0x00000000da8c4170,0x00000000da900000)
  to   space 7168K, 0% used [0x00000000d9b00000,0x00000000d9b00000,0x00000000da200000)
 ParOldGen       total 47104K, used 7429K [0x0000000080000000, 0x0000000082e00000, 0x00000000d5580000)
  object space 47104K, 15% used [0x0000000080000000,0x0000000080741738,0x0000000082e00000)
 Metaspace       used 25403K, capacity 26194K, committed 26416K, reserved 1071104K
  class space    used 3544K, capacity 3775K, committed 3888K, reserved 1048576K
GC Heap History (10 events):
Event: 7.988 GC heap before
{Heap before GC invocations=6 (full 0):
 PSYoungGen      total 28160K, used 28138K [0x00000000d5580000, 0x00000000d7a00000, 0x0000000100000000)
  eden space 24064K, 100% used [0x00000000d5580000,0x00000000d6d00000,0x00000000d6d00000)
  from space 4096K, 99% used [0x00000000d6d80000,0x00000000d717a980,0x00000000d7180000)
  to   space 6656K, 0% used [0x00000000d7380000,0x00000000d7380000,0x00000000d7a00000)
 ParOldGen       total 65536K, used 3567K [0x0000000080000000, 0x0000000084000000, 0x00000000d5580000)
  object space 65536K, 5% used [0x0000000080000000,0x000000008037bc50,0x0000000084000000)
 Metaspace       used 16535K, capacity 17084K, committed 17280K, reserved 1064960K
  class space    used 2202K, capacity 2368K, committed 2432K, reserved 1048576K
Event: 7.995 GC heap after
Heap after GC invocations=6 (full 0):
 PSYoungGen      total 29696K, used 6625K [0x00000000d5580000, 0x00000000d7b80000, 0x0000000100000000)
  eden space 23040K, 0% used [0x00000000d5580000,0x00000000d5580000,0x00000000d6c00000)
  from space 6656K, 99% used [0x00000000d7380000,0x00000000d79f8450,0x00000000d7a00000)
  to   space 7680K, 0% used [0x00000000d6c00000,0x00000000d6c00000,0x00000000d7380000)
 ParOldGen       total 65536K, used 3950K [0x0000000080000000, 0x0000000084000000, 0x00000000d5580000)
  object space 65536K, 6% used [0x0000000080000000,0x00000000803dbb38,0x0000000084000000)
 Metaspace       used 16535K, capacity 17084K, committed 17280K, reserved 1064960K
  class space    used 2202K, capacity 2368K, committed 2432K, reserved 1048576K
}
Event: 8.146 GC heap before
{Heap before GC invocations=7 (full 0):
 PSYoungGen      total 29696K, used 29665K [0x00000000d5580000, 0x00000000d7b80000, 0x0000000100000000)
  eden space 23040K, 100% used [0x00000000d5580000,0x00000000d6c00000,0x00000000d6c00000)
  from space 6656K, 99% used [0x00000000d7380000,0x00000000d79f8450,0x00000000d7a00000)
  to   space 7680K, 0% used [0x00000000d6c00000,0x00000000d6c00000,0x00000000d7380000)
 ParOldGen       total 65536K, used 3950K [0x0000000080000000, 0x0000000084000000, 0x00000000d5580000)
  object space 65536K, 6% used [0x0000000080000000,0x00000000803dbb38,0x0000000084000000)
 Metaspace       used 17723K, capacity 18308K, committed 18560K, reserved 1064960K
  class space    used 2422K, capacity 2628K, committed 2688K, reserved 1048576K
Event: 8.153 GC heap after
Heap after GC invocations=7 (full 0):
 PSYoungGen      total 30720K, used 4702K [0x00000000d5580000, 0x00000000d9180000, 0x0000000100000000)
  eden space 23040K, 0% used [0x00000000d5580000,0x00000000d5580000,0x00000000d6c00000)
  from space 7680K, 61% used [0x00000000d6c00000,0x00000000d7097b38,0x00000000d7380000)
  to   space 7680K, 0% used [0x00000000d8a00000,0x00000000d8a00000,0x00000000d9180000)
 ParOldGen       total 65536K, used 5866K [0x0000000080000000, 0x0000000084000000, 0x00000000d5580000)
  object space 65536K, 8% used [0x0000000080000000,0x00000000805bab98,0x0000000084000000)
 Metaspace       used 17723K, capacity 18308K, committed 18560K, reserved 1064960K
  class space    used 2422K, capacity 2628K, committed 2688K, reserved 1048576K
}
Event: 8.814 GC heap before
{Heap before GC invocations=8 (full 0):
 PSYoungGen      total 30720K, used 27742K [0x00000000d5580000, 0x00000000d9180000, 0x0000000100000000)
  eden space 23040K, 100% used [0x00000000d5580000,0x00000000d6c00000,0x00000000d6c00000)
  from space 7680K, 61% used [0x00000000d6c00000,0x00000000d7097b38,0x00000000d7380000)
  to   space 7680K, 0% used [0x00000000d8a00000,0x00000000d8a00000,0x00000000d9180000)
 ParOldGen       total 65536K, used 5866K [0x0000000080000000, 0x0000000084000000, 0x00000000d5580000)
  object space 65536K, 8% used [0x0000000080000000,0x00000000805bab98,0x0000000084000000)
 Metaspace       used 19802K, capacity 20462K, committed 20608K, reserved 1067008K
  class space    used 2741K, capacity 2909K, committed 2944K, reserved 1048576K
Event: 8.819 GC heap after
Heap after GC invocations=8 (full 0):
 PSYoungGen      total 52736K, used 4802K [0x00000000d5580000, 0x00000000d9080000, 0x0000000100000000)
  eden space 46080K, 0% used [0x00000000d5580000,0x00000000d5580000,0x00000000d8280000)
  from space 6656K, 72% used [0x00000000d8a00000,0x00000000d8eb0848,0x00000000d9080000)
  to   space 7168K, 0% used [0x00000000d8280000,0x00000000d8280000,0x00000000d8980000)
 ParOldGen       total 65536K, used 7095K [0x0000000080000000, 0x0000000084000000, 0x00000000d5580000)
  object space 65536K, 10% used [0x0000000080000000,0x00000000806edf28,0x0000000084000000)
 Metaspace       used 19802K, capacity 20462K, committed 20608K, reserved 1067008K
  class space    used 2741K, capacity 2909K, committed 2944K, reserved 1048576K
}
Event: 9.045 GC heap before
{Heap before GC invocations=9 (full 0):
 PSYoungGen      total 52736K, used 17234K [0x00000000d5580000, 0x00000000d9080000, 0x0000000100000000)
  eden space 46080K, 26% used [0x00000000d5580000,0x00000000d61a40e8,0x00000000d8280000)
  from space 6656K, 72% used [0x00000000d8a00000,0x00000000d8eb0848,0x00000000d9080000)
  to   space 7168K, 0% used [0x00000000d8280000,0x00000000d8280000,0x00000000d8980000)
 ParOldGen       total 65536K, used 7095K [0x0000000080000000, 0x0000000084000000, 0x00000000d5580000)
  object space 65536K, 10% used [0x0000000080000000,0x00000000806edf28,0x0000000084000000)
 Metaspace       used 20616K, capacity 21224K, committed 21296K, reserved 1067008K
  class space    used 2873K, capacity 3076K, committed 3120K, reserved 1048576K
Event: 9.049 GC heap after
Heap after GC invocations=9 (full 0):
 PSYoungGen      total 53248K, used 2646K [0x00000000d5580000, 0x00000000dab80000, 0x0000000100000000)
  eden space 46080K, 0% used [0x00000000d5580000,0x00000000d5580000,0x00000000d8280000)
  from space 7168K, 36% used [0x00000000d8280000,0x00000000d8515888,0x00000000d8980000)
  to   space 7168K, 0% used [0x00000000da480000,0x00000000da480000,0x00000000dab80000)
 ParOldGen       total 65536K, used 8399K [0x0000000080000000, 0x0000000084000000, 0x00000000d5580000)
  object space 65536K, 12% used [0x0000000080000000,0x0000000080833c98,0x0000000084000000)
 Metaspace       used 20616K, capacity 21224K, committed 21296K, reserved 1067008K
  class space    used 2873K, capacity 3076K, committed 3120K, reserved 1048576K
}
Event: 9.049 GC heap before
{Heap before GC invocations=10 (full 1):
 PSYoungGen      total 53248K, used 2646K [0x00000000d5580000, 0x00000000dab80000, 0x0000000100000000)
  eden space 46080K, 0% used [0x00000000d5580000,0x00000000d5580000,0x00000000d8280000)
  from space 7168K, 36% used [0x00000000d8280000,0x00000000d8515888,0x00000000d8980000)
  to   space 7168K, 0% used [0x00000000da480000,0x00000000da480000,0x00000000dab80000)
 ParOldGen       total 65536K, used 8399K [0x0000000080000000, 0x0000000084000000, 0x00000000d5580000)
  object space 65536K, 12% used [0x0000000080000000,0x0000000080833c98,0x0000000084000000)
 Metaspace       used 20616K, capacity 21224K, committed 21296K, reserved 1067008K
  class space    used 2873K, capacity 3076K, committed 3120K, reserved 1048576K
Event: 9.179 GC heap after
Heap after GC invocations=10 (full 1):
 PSYoungGen      total 53248K, used 0K [0x00000000d5580000, 0x00000000dab80000, 0x0000000100000000)
  eden space 46080K, 0% used [0x00000000d5580000,0x00000000d5580000,0x00000000d8280000)
  from space 7168K, 0% used [0x00000000d8280000,0x00000000d8280000,0x00000000d8980000)
  to   space 7168K, 0% used [0x00000000da480000,0x00000000da480000,0x00000000dab80000)
 ParOldGen       total 47104K, used 7421K [0x0000000080000000, 0x0000000082e00000, 0x00000000d5580000)
  object space 47104K, 15% used [0x0000000080000000,0x000000008073f738,0x0000000082e00000)
 Metaspace       used 20616K, capacity 21224K, committed 21296K, reserved 1067008K
  class space    used 2873K, capacity 3076K, committed 3120K, reserved 1048576K
}

